{"/Volumes/DATA/Udemy/Npm - Crear modules node en JS TS Angular publicar/Code-Projects/my-pluralize-ts-ci/dist/index.js":{"path":"/Volumes/DATA/Udemy/Npm - Crear modules node en JS TS Angular publicar/Code-Projects/my-pluralize-ts-ci/dist/index.js","s":{"1":1,"2":1,"3":0,"4":1,"5":1,"6":1,"7":8,"8":8,"9":1,"10":1,"11":1,"12":1,"13":1,"14":5,"15":1},"b":{"1":[1,1,1],"2":[0,1],"3":[1,1],"4":[1,0],"5":[8,0]},"f":{"1":1,"2":5},"fnMap":{"1":{"name":"(anonymous_1)","line":2,"loc":{"start":{"line":2,"column":50},"end":{"line":2,"column":65}}},"2":{"name":"getPlural","line":16,"loc":{"start":{"line":16,"column":0},"end":{"line":16,"column":24}}}},"statementMap":{"1":{"start":{"line":2,"column":0},"end":{"line":8,"column":2}},"2":{"start":{"line":3,"column":4},"end":{"line":3,"column":42}},"3":{"start":{"line":3,"column":31},"end":{"line":3,"column":42}},"4":{"start":{"line":4,"column":4},"end":{"line":4,"column":20}},"5":{"start":{"line":5,"column":4},"end":{"line":5,"column":99}},"6":{"start":{"line":5,"column":21},"end":{"line":5,"column":99}},"7":{"start":{"line":5,"column":40},"end":{"line":5,"column":99}},"8":{"start":{"line":5,"column":80},"end":{"line":5,"column":99}},"9":{"start":{"line":6,"column":4},"end":{"line":6,"column":28}},"10":{"start":{"line":7,"column":4},"end":{"line":7,"column":18}},"11":{"start":{"line":9,"column":0},"end":{"line":9,"column":62}},"12":{"start":{"line":10,"column":0},"end":{"line":10,"column":51}},"13":{"start":{"line":16,"column":0},"end":{"line":18,"column":1}},"14":{"start":{"line":17,"column":4},"end":{"line":17,"column":33}},"15":{"start":{"line":19,"column":0},"end":{"line":19,"column":30}}},"branchMap":{"1":{"line":2,"type":"binary-expr","locations":[{"start":{"line":2,"column":20},"end":{"line":2,"column":24}},{"start":{"line":2,"column":28},"end":{"line":2,"column":45}},{"start":{"line":2,"column":50},"end":{"line":8,"column":1}}]},"2":{"line":3,"type":"if","locations":[{"start":{"line":3,"column":4},"end":{"line":3,"column":4}},{"start":{"line":3,"column":4},"end":{"line":3,"column":4}}]},"3":{"line":3,"type":"binary-expr","locations":[{"start":{"line":3,"column":8},"end":{"line":3,"column":11}},{"start":{"line":3,"column":15},"end":{"line":3,"column":29}}]},"4":{"line":5,"type":"if","locations":[{"start":{"line":5,"column":4},"end":{"line":5,"column":4}},{"start":{"line":5,"column":4},"end":{"line":5,"column":4}}]},"5":{"line":5,"type":"if","locations":[{"start":{"line":5,"column":40},"end":{"line":5,"column":40}},{"start":{"line":5,"column":40},"end":{"line":5,"column":40}}]}}}}